20/06/2017 09:27:57	[INFO]		Analizando información básica del sistema...
20/06/2017 09:27:57	[INFO]		Analizando sistema...
20/06/2017 09:27:57	[OK]		Sistema

20/06/2017 09:27:57	[INFO]		Analizando discos...
20/06/2017 09:27:57	[OK]		Discos

20/06/2017 09:27:57	[INFO]		Analizando sistema operativo...
20/06/2017 09:29:35	[OK]		Sistema operativo

20/06/2017 09:29:35	[INFO]		Analizando adaptadores de red...
20/06/2017 09:29:35	[OK]		Adaptadores de red

20/06/2017 09:29:35	[OK]		Información básica
20/06/2017 09:29:35	[----]		

20/06/2017 09:29:35	[INFO]		Analizar centro de seguridad...
20/06/2017 09:29:37	[OK]		Centro de seguridad
20/06/2017 09:29:37	[----]		

20/06/2017 09:29:37	[INFO]		Analizar plantilla de seguridad...
20/06/2017 09:29:37	[INFO]		Obteniendo información de la configuración local. Este proceso puede tardar varios minutos. Por favor, espere...
20/06/2017 09:30:29	[OK]		Información obtenida
20/06/2017 09:30:29	[INFO]		Comparando directivas...
20/06/2017 09:30:34	[OK]		Directivas comparadas

20/06/2017 09:30:34	[INFO]		Obteniendo y comparando información adicional de las directivas locales. Este proceso puede tardar varios minutos. Por favor, espere...
20/06/2017 09:30:37	[OK]		Información adicional obtenida
20/06/2017 09:30:37	[----]		

20/06/2017 09:30:37	[INFO]		Obteniendo y comprobando el cumpliminento del ENS en relación a las plantillas administrativas...
20/06/2017 09:30:50	[OK]		Plantillas administrativas del ENS obtenidas y comprobadas

20/06/2017 09:30:50	[----]		

20/06/2017 09:30:50	[INFO]		Creando carpeta 'D:\K\APP CLARA\ENS\V14\20170613 - CLARA ENS 1.4\CLARA ENS 1.4\CLARA ENS x64\CLARA ENS\tmp\K-PC\'...
20/06/2017 09:30:50	[----]		

20/06/2017 09:30:50	[INFO]		Comprobando cumplimiento de las directivas de seguridad del ENS...
20/06/2017 09:30:50	[OK]		Directivas de seguridad del ENS comprobadas
20/06/2017 09:30:51	[----]		

20/06/2017 09:30:51	[INFO]		Creando carpeta 'D:\K\APP CLARA\ENS\V14\20170613 - CLARA ENS 1.4\CLARA ENS 1.4\CLARA ENS x64\CLARA ENS\informes'...
20/06/2017 09:30:51	[INFO]		Creando carpeta 'D:\K\APP CLARA\ENS\V14\20170613 - CLARA ENS 1.4\CLARA ENS 1.4\CLARA ENS x64\CLARA ENS\informes\Sistema_K-PC'...
20/06/2017 09:30:51	[INFORME]	Informe ejecutivo guardado en 'D:\K\APP CLARA\ENS\V14\20170613 - CLARA ENS 1.4\CLARA ENS 1.4\CLARA ENS x64\CLARA ENS\informes\Sistema_K-PC\K-PC_20-06-2017 9-30-51_InformeEjecutivo.html')
20/06/2017 09:30:51	[INFORME]	Informe técnico guardado en 'D:\K\APP CLARA\ENS\V14\20170613 - CLARA ENS 1.4\CLARA ENS 1.4\CLARA ENS x64\CLARA ENS\informes\Sistema_K-PC\K-PC_20-06-2017 9-30-51_InformeTecnico.html')
20/06/2017 09:30:51	[OK]		Informes guardados para 'K-PC'
20/06/2017 09:30:51	[----]		

20/06/2017 09:30:51	[INFO]		Borrando datos temporales...
20/06/2017 09:30:51	[INFO]		Borrando carpeta temporal ('D:\K\APP CLARA\ENS\V14\20170613 - CLARA ENS 1.4\CLARA ENS 1.4\CLARA ENS x64\CLARA ENS\tmp')...
20/06/2017 09:30:51	[----]		

20/06/2017 09:30:53	[FIN]		La tarea ha finalizado

20/06/2017 09:30:53	[INFO]		Compruebe la carpeta de informes: D:\K\APP CLARA\ENS\V14\20170613 - CLARA ENS 1.4\CLARA ENS 1.4\CLARA ENS x64\CLARA ENS\informes

20/06/2017 09:35:27	[INFO]		Cerrando la aplicación...
20/06/2017 09:35:27	[INFO]		Borrando carpeta temporal ('D:\K\APP CLARA\ENS\V14\20170613 - CLARA ENS 1.4\CLARA ENS 1.4\CLARA ENS x64\CLARA ENS\tmp')...
20/06/2017 09:35:27	[INFO]		Borrando carpeta temporal ('D:\K\APP CLARA\ENS\V14\20170613 - CLARA ENS 1.4\CLARA ENS 1.4\CLARA ENS x64\CLARA ENS\tmp')...
20/06/2017 09:35:27	[INFO]		Borrando carpeta temporal ('D:\K\APP CLARA\ENS\V14\20170613 - CLARA ENS 1.4\CLARA ENS 1.4\CLARA ENS x64\CLARA ENS\tmp')...
20/06/2017 09:35:27	[INFO]		Cerrando la aplicación...
20/06/2017 09:35:27	[INFO]		Borrando carpeta temporal ('D:\K\APP CLARA\ENS\V14\20170613 - CLARA ENS 1.4\CLARA ENS 1.4\CLARA ENS x64\CLARA ENS\tmp')...
