17/12/2024 09:14:17	[INFO]		Analizando información básica del sistema...
17/12/2024 09:14:17	[INFO]		Analizando sistema...
17/12/2024 09:14:17	[OK]		Sistema

17/12/2024 09:14:17	[INFO]		Analizando discos...
17/12/2024 09:14:17	[OK]		Discos

17/12/2024 09:14:17	[INFO]		Analizando sistema operativo...
17/12/2024 09:14:20	[OK]		Sistema operativo

17/12/2024 09:14:20	[INFO]		Analizando adaptadores de red...
17/12/2024 09:14:20	[OK]		Adaptadores de red

17/12/2024 09:14:20	[OK]		Información básica
17/12/2024 09:14:20	[----]		

17/12/2024 09:14:20	[INFO]		Analizar centro de seguridad...
17/12/2024 09:14:22	[OK]		Centro de seguridad
17/12/2024 09:14:22	[----]		

17/12/2024 09:14:22	[INFO]		Analizar plantilla de seguridad...
17/12/2024 09:14:22	[INFO]		Obteniendo información de la configuración local. Este proceso puede tardar varios minutos. Por favor, espere...
17/12/2024 09:15:00	[OK]		Información obtenida
17/12/2024 09:15:00	[INFO]		Comparando directivas...
17/12/2024 09:15:02	[OK]		Directivas comparadas

17/12/2024 09:15:02	[INFO]		Obteniendo y comparando información adicional de las directivas locales. Este proceso puede tardar varios minutos. Por favor, espere...
17/12/2024 09:15:05	[OK]		Información adicional obtenida
17/12/2024 09:15:05	[----]		

17/12/2024 09:15:05	[INFO]		Obteniendo y comprobando el cumpliminento del ENS en relación a las plantillas administrativas...
17/12/2024 09:15:12	[OK]		Plantillas administrativas del ENS obtenidas y comprobadas

17/12/2024 09:15:12	[----]		

17/12/2024 09:15:12	[INFO]		Creando carpeta 'C:\Users\Lenovo\Desktop\CLARA\CLARA\CLARA_ENS_1.4_x64\CLARA ENS x64 4.5\CLARA ENS\tmp\DESKTOP-PEN7755\'...
17/12/2024 09:15:12	[----]		

17/12/2024 09:15:12	[INFO]		Comprobando cumplimiento de las directivas de seguridad del ENS...
17/12/2024 09:15:12	[OK]		Directivas de seguridad del ENS comprobadas
17/12/2024 09:15:12	[ERROR]		*S-1-5-32-555 / No se pudieron convertir algunas o todas las referencias de identidad.
17/12/2024 09:15:12	[----]		

17/12/2024 09:15:12	[INFO]		Creando carpeta 'C:\Users\Lenovo\Desktop\CLARA\CLARA\CLARA_ENS_1.4_x64\CLARA ENS x64 4.5\CLARA ENS\informes'...
17/12/2024 09:15:12	[INFO]		Creando carpeta 'C:\Users\Lenovo\Desktop\CLARA\CLARA\CLARA_ENS_1.4_x64\CLARA ENS x64 4.5\CLARA ENS\informes\Sistema_DESKTOP-PEN7755'...
17/12/2024 09:15:12	[INFORME]	Informe ejecutivo guardado en 'C:\Users\Lenovo\Desktop\CLARA\CLARA\CLARA_ENS_1.4_x64\CLARA ENS x64 4.5\CLARA ENS\informes\Sistema_DESKTOP-PEN7755\DESKTOP-PEN7755_17-12-2024 9-15-12_InformeEjecutivo.html')
17/12/2024 09:15:12	[INFORME]	Informe técnico guardado en 'C:\Users\Lenovo\Desktop\CLARA\CLARA\CLARA_ENS_1.4_x64\CLARA ENS x64 4.5\CLARA ENS\informes\Sistema_DESKTOP-PEN7755\DESKTOP-PEN7755_17-12-2024 9-15-12_InformeTecnico.html')
17/12/2024 09:15:12	[OK]		Informes guardados para 'DESKTOP-PEN7755'
17/12/2024 09:15:12	[----]		

17/12/2024 09:15:12	[INFO]		Borrando datos temporales...
17/12/2024 09:15:12	[INFO]		Borrando carpeta temporal ('C:\Users\Lenovo\Desktop\CLARA\CLARA\CLARA_ENS_1.4_x64\CLARA ENS x64 4.5\CLARA ENS\tmp')...
17/12/2024 09:15:12	[----]		

17/12/2024 09:15:14	[FIN]		La tarea ha finalizado

17/12/2024 09:15:14	[INFO]		Compruebe la carpeta de informes: C:\Users\Lenovo\Desktop\CLARA\CLARA\CLARA_ENS_1.4_x64\CLARA ENS x64 4.5\CLARA ENS\informes

17/12/2024 09:21:37	[INFO]		Cerrando la aplicación...
17/12/2024 09:21:37	[INFO]		Borrando carpeta temporal ('C:\Users\Lenovo\Desktop\CLARA\CLARA\CLARA_ENS_1.4_x64\CLARA ENS x64 4.5\CLARA ENS\tmp')...
17/12/2024 09:21:37	[INFO]		Borrando carpeta temporal ('C:\Users\Lenovo\Desktop\CLARA\CLARA\CLARA_ENS_1.4_x64\CLARA ENS x64 4.5\CLARA ENS\tmp')...
17/12/2024 09:21:37	[INFO]		Cerrando la aplicación...
17/12/2024 09:21:37	[INFO]		Borrando carpeta temporal ('C:\Users\Lenovo\Desktop\CLARA\CLARA\CLARA_ENS_1.4_x64\CLARA ENS x64 4.5\CLARA ENS\tmp')...
